Info: Starting: Create block symbol file (.bsf)
Info: qsys-generate /home/labarqcomp/Documents/embarcados/Lab2_FPGA_NIOS/niosLab2.qsys --block-symbol-file --output-directory=/home/labarqcomp/Documents/embarcados/Lab2_FPGA_NIOS/niosLab2 --family="Cyclone V" --part=5CSXFC6D6F31C6
Progress: Loading Lab2_FPGA_NIOS/niosLab2.qsys
Progress: Reading input file
Progress: Adding DIR [altera_avalon_pio 18.1]
Progress: Parameterizing module DIR
Progress: Adding EN [altera_avalon_pio 18.1]
Progress: Parameterizing module EN
Progress: Adding clk_0 [clock_source 18.1]
Progress: Parameterizing module clk_0
Progress: Adding jtag_uart_0 [altera_avalon_jtag_uart 18.1]
Progress: Parameterizing module jtag_uart_0
Progress: Adding nios2_gen2_0 [altera_nios2_gen2 18.1]
Progress: Parameterizing module nios2_gen2_0
Progress: Adding onchip_memory2_0 [altera_avalon_onchip_memory2 18.1]
Progress: Parameterizing module onchip_memory2_0
Progress: Adding pio_0 [altera_avalon_pio 18.1]
Progress: Parameterizing module pio_0
Progress: Adding pio_1 [altera_avalon_pio 18.1]
Progress: Parameterizing module pio_1
Progress: Building connections
Progress: Parameterizing connections
Progress: Validating
Progress: Done reading input file
Info: niosLab2.DIR: PIO inputs are not hardwired in test bench. Undefined values will be read from PIO inputs during simulation.
Info: niosLab2.EN: PIO inputs are not hardwired in test bench. Undefined values will be read from PIO inputs during simulation.
Info: niosLab2.jtag_uart_0: JTAG UART IP input clock need to be at least double (2x) the operating frequency of JTAG TCK on board
Info: qsys-generate succeeded.
Info: Stopping: Create block symbol file (.bsf)
